#
# There is insufficient memory for the Java Runtime Environment to continue.
# Native memory allocation (malloc) failed to allocate 3377808 bytes for Chunk::new
# Possible reasons:
#   The system is out of physical RAM or swap space
#   The process is running with CompressedOops enabled, and the Java Heap may be blocking the growth of the native heap
# Possible solutions:
#   Reduce memory load on the system
#   Increase physical memory or swap space
#   Check if swap backing store is full
#   Decrease Java heap size (-Xmx/-Xms)
#   Decrease number of Java threads
#   Decrease Java thread stack sizes (-Xss)
#   Set larger code cache with -XX:ReservedCodeCacheSize=
#   JVM is running with Unscaled Compressed Oops mode in which the Java heap is
#     placed in the first 4GB address space. The Java Heap base address is the
#     maximum limit for the native heap growth. Please use -XX:HeapBaseMinAddress
#     to set the Java Heap base and to place the Java Heap above 4GB virtual address.
# This output file may be truncated or incomplete.
#
#  Out of Memory Error (arena.cpp:168), pid=42624, tid=42888
#
# JRE version: Java(TM) SE Runtime Environment (21.0.3+7) (build 21.0.3+7-LTS-152)
# Java VM: Java HotSpot(TM) 64-Bit Server VM (21.0.3+7-LTS-152, mixed mode, sharing, tiered, compressed oops, compressed class ptrs, g1 gc, windows-amd64)
# No core dump will be written. Minidumps are not enabled by default on client versions of Windows
#

---------------  S U M M A R Y ------------

Command Line: -ea -Didea.test.cyclic.buffer.size=1048576 -javaagent:C:\Program Files\JetBrains\IntelliJ IDEA Community Edition 2024.2.1\lib\idea_rt.jar=63917:C:\Program Files\JetBrains\IntelliJ IDEA Community Edition 2024.2.1\bin -Dfile.encoding=UTF-8 -Dsun.stdout.encoding=UTF-8 -Dsun.stderr.encoding=UTF-8 com.intellij.rt.junit.JUnitStarter -ideVersion5 -junit5 com.stream.app.spring_stream_backend.SpringStreamBackendApplicationTests

Host: Intel(R) Core(TM) i3-10110U CPU @ 2.10GHz, 4 cores, 3G,  Windows 11 , 64 bit Build 22621 (10.0.22621.3958)
Time: Tue Nov 12 18:41:57 2024 India Standard Time elapsed time: 9.747269 seconds (0d 0h 0m 9s)

---------------  T H R E A D  ---------------

Current thread (0x00000285607057a0):  JavaThread "C2 CompilerThread0" daemon [_thread_in_native, id=42888, stack(0x000000d489100000,0x000000d489200000) (1024K)]


Current CompileTask:
C2:   9747 4239   !   4       com.sun.crypto.provider.PBKDF2KeyImpl::deriveKey (302 bytes)

Stack: [0x000000d489100000,0x000000d489200000]
Native frames: (J=compiled Java code, j=interpreted, Vv=VM code, C=native code)
V  [jvm.dll+0x6c63b9]
V  [jvm.dll+0x84fa11]
V  [jvm.dll+0x851f3e]
V  [jvm.dll+0x852613]
V  [jvm.dll+0x27cd46]
V  [jvm.dll+0xc4aad]
V  [jvm.dll+0xc4fe3]
V  [jvm.dll+0x3b1d5c]
V  [jvm.dll+0x1df2d9]
V  [jvm.dll+0x245c92]
V  [jvm.dll+0x24511f]
V  [jvm.dll+0x1c689e]
V  [jvm.dll+0x254609]
V  [jvm.dll+0x252b9a]
V  [jvm.dll+0x3eb056]
V  [jvm.dll+0x7f9ffb]
V  [jvm.dll+0x6c4a9d]
C  [ucrtbase.dll+0x29333]
C  [KERNEL32.DLL+0x1257d]
C  [ntdll.dll+0x5af08]


---------------  P R O C E S S  ---------------

Threads class SMR info:
_java_thread_list=0x0000028566853870, length=15, elements={
0x0000028545ad2470, 0x00000285606ee7f0, 0x00000285606f3630, 0x00000285606f97f0,
0x00000285606fa450, 0x00000285606ffb70, 0x0000028560704270, 0x00000285607057a0,
0x00000285607069e0, 0x00000285606ccf20, 0x00000285609d8e50, 0x0000028560a72780,
0x000002856636f550, 0x0000028566370900, 0x0000028566370f90
}

Java Threads: ( => current thread )
  0x0000028545ad2470 JavaThread "main"                              [_thread_in_native, id=30896, stack(0x000000d488300000,0x000000d488400000) (1024K)]
  0x00000285606ee7f0 JavaThread "Reference Handler"          daemon [_thread_blocked, id=42636, stack(0x000000d488b00000,0x000000d488c00000) (1024K)]
  0x00000285606f3630 JavaThread "Finalizer"                  daemon [_thread_blocked, id=38644, stack(0x000000d488c00000,0x000000d488d00000) (1024K)]
  0x00000285606f97f0 JavaThread "Signal Dispatcher"          daemon [_thread_blocked, id=20780, stack(0x000000d488d00000,0x000000d488e00000) (1024K)]
  0x00000285606fa450 JavaThread "Attach Listener"            daemon [_thread_blocked, id=31528, stack(0x000000d488e00000,0x000000d488f00000) (1024K)]
  0x00000285606ffb70 JavaThread "Service Thread"             daemon [_thread_blocked, id=42400, stack(0x000000d488f00000,0x000000d489000000) (1024K)]
  0x0000028560704270 JavaThread "Monitor Deflation Thread"   daemon [_thread_blocked, id=19976, stack(0x000000d489000000,0x000000d489100000) (1024K)]
=>0x00000285607057a0 JavaThread "C2 CompilerThread0"         daemon [_thread_in_native, id=42888, stack(0x000000d489100000,0x000000d489200000) (1024K)]
  0x00000285607069e0 JavaThread "C1 CompilerThread0"         daemon [_thread_blocked, id=27708, stack(0x000000d489200000,0x000000d489300000) (1024K)]
  0x00000285606ccf20 JavaThread "Common-Cleaner"             daemon [_thread_blocked, id=37580, stack(0x000000d489300000,0x000000d489400000) (1024K)]
  0x00000285609d8e50 JavaThread "Monitor Ctrl-Break"         daemon [_thread_in_native, id=42076, stack(0x000000d489400000,0x000000d489500000) (1024K)]
  0x0000028560a72780 JavaThread "Notification Thread"        daemon [_thread_blocked, id=36316, stack(0x000000d489500000,0x000000d489600000) (1024K)]
  0x000002856636f550 JavaThread "PostgreSQL-JDBC-Cleaner"    daemon [_thread_blocked, id=42352, stack(0x000000d489a00000,0x000000d489b00000) (1024K)]
  0x0000028566370900 JavaThread "HikariPool-1 housekeeper"   daemon [_thread_blocked, id=13180, stack(0x000000d489b00000,0x000000d489c00000) (1024K)]
  0x0000028566370f90 JavaThread "HikariPool-1 connection adder" daemon [_thread_in_native, id=33096, stack(0x000000d489c00000,0x000000d489d00000) (1024K)]
Total: 15

Other Threads:
  0x00000285606d8730 VMThread "VM Thread"                           [id=12500, stack(0x000000d488a00000,0x000000d488b00000) (1024K)]
  0x0000028545b7ca40 WatcherThread "VM Periodic Task Thread"        [id=26004, stack(0x000000d488900000,0x000000d488a00000) (1024K)]
  0x0000028545b0b1e0 WorkerThread "GC Thread#0"                     [id=29484, stack(0x000000d488400000,0x000000d488500000) (1024K)]
  0x00000285652c5e80 WorkerThread "GC Thread#1"                     [id=33412, stack(0x000000d489600000,0x000000d489700000) (1024K)]
  0x00000285652d3460 WorkerThread "GC Thread#2"                     [id=27600, stack(0x000000d489700000,0x000000d489800000) (1024K)]
  0x00000285652d3800 WorkerThread "GC Thread#3"                     [id=8688, stack(0x000000d489800000,0x000000d489900000) (1024K)]
  0x0000028545b13d40 ConcurrentGCThread "G1 Main Marker"            [id=8756, stack(0x000000d488500000,0x000000d488600000) (1024K)]
  0x0000028545b149f0 WorkerThread "G1 Conc#0"                       [id=40936, stack(0x000000d488600000,0x000000d488700000) (1024K)]
  0x0000028545b6e330 ConcurrentGCThread "G1 Refine#0"               [id=41336, stack(0x000000d488700000,0x000000d488800000) (1024K)]
  0x0000028545b6edb0 ConcurrentGCThread "G1 Service"                [id=15552, stack(0x000000d488800000,0x000000d488900000) (1024K)]
Total: 10

Threads with active compile tasks:
C2 CompilerThread0     9771 4239   !   4       com.sun.crypto.provider.PBKDF2KeyImpl::deriveKey (302 bytes)
Total: 1

VM state: not at safepoint (normal execution)

VM Mutex/Monitor currently owned by a thread: None

Heap address: 0x00000000c2800000, size: 984 MB, Compressed Oops mode: 32-bit

CDS archive(s) mapped at: [0x0000028500000000-0x0000028500c90000-0x0000028500c90000), size 13172736, SharedBaseAddress: 0x0000028500000000, ArchiveRelocationMode: 1.
Compressed class space mapped at: 0x0000028501000000-0x0000028541000000, reserved size: 1073741824
Narrow klass base: 0x0000028500000000, Narrow klass shift: 0, Narrow klass range: 0x100000000

GC Precious Log:
 CardTable entry size: 512
 Card Set container configuration: InlinePtr #cards 5 size 8 Array Of Cards #cards 12 size 40 Howl #buckets 4 coarsen threshold 1843 Howl Bitmap #cards 512 size 80 coarsen threshold 460 Card regions per heap region 1 cards per card region 2048
 CPUs: 4 total, 4 available
 Memory: 3933M
 Large Page Support: Disabled
 NUMA Support: Disabled
 Compressed Oops: Enabled (32-bit)
 Heap Region Size: 1M
 Heap Min Capacity: 8M
 Heap Initial Capacity: 62M
 Heap Max Capacity: 984M
 Pre-touch: Disabled
 Parallel Workers: 4
 Concurrent Workers: 1
 Concurrent Refinement Workers: 4
 Periodic GC: Disabled

Heap:
 garbage-first heap   total 48128K, used 34871K [0x00000000c2800000, 0x0000000100000000)
  region size 1024K, 19 young (19456K), 3 survivors (3072K)
 Metaspace       used 47472K, committed 47936K, reserved 1114112K
  class space    used 6403K, committed 6592K, reserved 1048576K

Heap Regions: E=young(eden), S=young(survivor), O=old, HS=humongous(starts), HC=humongous(continues), CS=collection set, F=free, TAMS=top-at-mark-start, PB=parsable bottom
|   0|0x00000000c2800000, 0x00000000c2900000, 0x00000000c2900000|100%|HS|  |TAMS 0x00000000c2800000| PB 0x00000000c2800000| Complete 
|   1|0x00000000c2900000, 0x00000000c2a00000, 0x00000000c2a00000|100%| O|  |TAMS 0x00000000c2900000| PB 0x00000000c2900000| Untracked 
|   2|0x00000000c2a00000, 0x00000000c2b00000, 0x00000000c2b00000|100%| O|  |TAMS 0x00000000c2a00000| PB 0x00000000c2a00000| Untracked 
|   3|0x00000000c2b00000, 0x00000000c2c00000, 0x00000000c2c00000|100%| O|  |TAMS 0x00000000c2b00000| PB 0x00000000c2b00000| Untracked 
|   4|0x00000000c2c00000, 0x00000000c2d00000, 0x00000000c2d00000|100%| O|  |TAMS 0x00000000c2c00000| PB 0x00000000c2c00000| Untracked 
|   5|0x00000000c2d00000, 0x00000000c2e00000, 0x00000000c2e00000|100%| O|  |TAMS 0x00000000c2d00000| PB 0x00000000c2d00000| Untracked 
|   6|0x00000000c2e00000, 0x00000000c2f00000, 0x00000000c2f00000|100%| O|  |TAMS 0x00000000c2e00000| PB 0x00000000c2e00000| Untracked 
|   7|0x00000000c2f00000, 0x00000000c3000000, 0x00000000c3000000|100%| O|  |TAMS 0x00000000c2f00000| PB 0x00000000c2f00000| Untracked 
|   8|0x00000000c3000000, 0x00000000c3100000, 0x00000000c3100000|100%| O|  |TAMS 0x00000000c3000000| PB 0x00000000c3000000| Untracked 
|   9|0x00000000c3100000, 0x00000000c3200000, 0x00000000c3200000|100%| O|  |TAMS 0x00000000c3100000| PB 0x00000000c3100000| Untracked 
|  10|0x00000000c3200000, 0x00000000c3300000, 0x00000000c3300000|100%| O|  |TAMS 0x00000000c3200000| PB 0x00000000c3200000| Untracked 
|  11|0x00000000c3300000, 0x00000000c3400000, 0x00000000c3400000|100%| O|  |TAMS 0x00000000c3300000| PB 0x00000000c3300000| Untracked 
|  12|0x00000000c3400000, 0x00000000c3500000, 0x00000000c3500000|100%| O|  |TAMS 0x00000000c3400000| PB 0x00000000c3400000| Untracked 
|  13|0x00000000c3500000, 0x00000000c3600000, 0x00000000c3600000|100%| O|  |TAMS 0x00000000c3500000| PB 0x00000000c3500000| Untracked 
|  14|0x00000000c3600000, 0x00000000c3700000, 0x00000000c3700000|100%| O|  |TAMS 0x00000000c3600000| PB 0x00000000c3600000| Untracked 
|  15|0x00000000c3700000, 0x00000000c3800000, 0x00000000c3800000|100%| O|Cm|TAMS 0x00000000c3700000| PB 0x00000000c3700000| Complete 
|  16|0x00000000c3800000, 0x00000000c3900000, 0x00000000c3900000|100%| O|  |TAMS 0x00000000c3800000| PB 0x00000000c3800000| Untracked 
|  17|0x00000000c3900000, 0x00000000c390dfd8, 0x00000000c3a00000|  5%| O|  |TAMS 0x00000000c3900000| PB 0x00000000c3900000| Untracked 
|  18|0x00000000c3a00000, 0x00000000c3a00000, 0x00000000c3b00000|  0%| F|  |TAMS 0x00000000c3a00000| PB 0x00000000c3a00000| Untracked 
|  19|0x00000000c3b00000, 0x00000000c3b00000, 0x00000000c3c00000|  0%| F|  |TAMS 0x00000000c3b00000| PB 0x00000000c3b00000| Untracked 
|  20|0x00000000c3c00000, 0x00000000c3c00000, 0x00000000c3d00000|  0%| F|  |TAMS 0x00000000c3c00000| PB 0x00000000c3c00000| Untracked 
|  21|0x00000000c3d00000, 0x00000000c3e00000, 0x00000000c3e00000|100%| S|CS|TAMS 0x00000000c3d00000| PB 0x00000000c3d00000| Complete 
|  22|0x00000000c3e00000, 0x00000000c3f00000, 0x00000000c3f00000|100%| S|CS|TAMS 0x00000000c3e00000| PB 0x00000000c3e00000| Complete 
|  23|0x00000000c3f00000, 0x00000000c4000000, 0x00000000c4000000|100%| S|CS|TAMS 0x00000000c3f00000| PB 0x00000000c3f00000| Complete 
|  24|0x00000000c4000000, 0x00000000c4000000, 0x00000000c4100000|  0%| F|  |TAMS 0x00000000c4000000| PB 0x00000000c4000000| Untracked 
|  25|0x00000000c4100000, 0x00000000c4100000, 0x00000000c4200000|  0%| F|  |TAMS 0x00000000c4100000| PB 0x00000000c4100000| Untracked 
|  26|0x00000000c4200000, 0x00000000c4200000, 0x00000000c4300000|  0%| F|  |TAMS 0x00000000c4200000| PB 0x00000000c4200000| Untracked 
|  27|0x00000000c4300000, 0x00000000c4300000, 0x00000000c4400000|  0%| F|  |TAMS 0x00000000c4300000| PB 0x00000000c4300000| Untracked 
|  28|0x00000000c4400000, 0x00000000c4400000, 0x00000000c4500000|  0%| F|  |TAMS 0x00000000c4400000| PB 0x00000000c4400000| Untracked 
|  29|0x00000000c4500000, 0x00000000c4500000, 0x00000000c4600000|  0%| F|  |TAMS 0x00000000c4500000| PB 0x00000000c4500000| Untracked 
|  30|0x00000000c4600000, 0x00000000c4600000, 0x00000000c4700000|  0%| F|  |TAMS 0x00000000c4600000| PB 0x00000000c4600000| Untracked 
|  31|0x00000000c4700000, 0x00000000c4761188, 0x00000000c4800000| 37%| E|  |TAMS 0x00000000c4700000| PB 0x00000000c4700000| Complete 
|  32|0x00000000c4800000, 0x00000000c4900000, 0x00000000c4900000|100%| E|CS|TAMS 0x00000000c4800000| PB 0x00000000c4800000| Complete 
|  33|0x00000000c4900000, 0x00000000c4a00000, 0x00000000c4a00000|100%| E|CS|TAMS 0x00000000c4900000| PB 0x00000000c4900000| Complete 
|  34|0x00000000c4a00000, 0x00000000c4b00000, 0x00000000c4b00000|100%| E|CS|TAMS 0x00000000c4a00000| PB 0x00000000c4a00000| Complete 
|  35|0x00000000c4b00000, 0x00000000c4c00000, 0x00000000c4c00000|100%| E|CS|TAMS 0x00000000c4b00000| PB 0x00000000c4b00000| Complete 
|  36|0x00000000c4c00000, 0x00000000c4d00000, 0x00000000c4d00000|100%| E|CS|TAMS 0x00000000c4c00000| PB 0x00000000c4c00000| Complete 
|  37|0x00000000c4d00000, 0x00000000c4e00000, 0x00000000c4e00000|100%| E|  |TAMS 0x00000000c4d00000| PB 0x00000000c4d00000| Complete 
|  38|0x00000000c4e00000, 0x00000000c4f00000, 0x00000000c4f00000|100%| E|CS|TAMS 0x00000000c4e00000| PB 0x00000000c4e00000| Complete 
|  39|0x00000000c4f00000, 0x00000000c5000000, 0x00000000c5000000|100%| E|CS|TAMS 0x00000000c4f00000| PB 0x00000000c4f00000| Complete 
|  40|0x00000000c5000000, 0x00000000c5100000, 0x00000000c5100000|100%| E|CS|TAMS 0x00000000c5000000| PB 0x00000000c5000000| Complete 
|  41|0x00000000c5100000, 0x00000000c5200000, 0x00000000c5200000|100%| E|CS|TAMS 0x00000000c5100000| PB 0x00000000c5100000| Complete 
|  42|0x00000000c5200000, 0x00000000c5300000, 0x00000000c5300000|100%| E|CS|TAMS 0x00000000c5200000| PB 0x00000000c5200000| Complete 
|  43|0x00000000c5300000, 0x00000000c5400000, 0x00000000c5400000|100%| E|CS|TAMS 0x00000000c5300000| PB 0x00000000c5300000| Complete 
|  44|0x00000000c5400000, 0x00000000c5500000, 0x00000000c5500000|100%| E|CS|TAMS 0x00000000c5400000| PB 0x00000000c5400000| Complete 
|  45|0x00000000c5500000, 0x00000000c5600000, 0x00000000c5600000|100%| E|CS|TAMS 0x00000000c5500000| PB 0x00000000c5500000| Complete 
|  61|0x00000000c6500000, 0x00000000c6600000, 0x00000000c6600000|100%| E|CS|TAMS 0x00000000c6500000| PB 0x00000000c6500000| Complete 

Card table byte_map: [0x000002855d130000,0x000002855d320000] _byte_map_base: 0x000002855cb1c000

Marking Bits: (CMBitMap*) 0x0000028545b0b8e0
 Bits: [0x000002855d320000, 0x000002855e280000)

Polling page: 0x0000028545290000

Metaspace:

Usage:
  Non-class:     40.11 MB used.
      Class:      6.25 MB used.
       Both:     46.36 MB used.

Virtual space:
  Non-class space:       64.00 MB reserved,      40.38 MB ( 63%) committed,  1 nodes.
      Class space:        1.00 GB reserved,       6.44 MB ( <1%) committed,  1 nodes.
             Both:        1.06 GB reserved,      46.81 MB (  4%) committed. 

Chunk freelists:
   Non-Class:  6.72 MB
       Class:  9.38 MB
        Both:  16.09 MB

MaxMetaspaceSize: unlimited
CompressedClassSpaceSize: 1.00 GB
Initial GC threshold: 21.00 MB
Current GC threshold: 58.88 MB
CDS: on
 - commit_granule_bytes: 65536.
 - commit_granule_words: 8192.
 - virtual_space_node_default_size: 8388608.
 - enlarge_chunks_in_place: 1.
 - use_allocation_guard: 0.


Internal statistics:

num_allocs_failed_limit: 6.
num_arena_births: 642.
num_arena_deaths: 0.
num_vsnodes_births: 2.
num_vsnodes_deaths: 0.
num_space_committed: 749.
num_space_uncommitted: 0.
num_chunks_returned_to_freelist: 6.
num_chunks_taken_from_freelist: 2359.
num_chunk_merges: 3.
num_chunk_splits: 1663.
num_chunks_enlarged: 1281.
num_inconsistent_stats: 0.

CodeHeap 'non-profiled nmethods': size=120000Kb used=2150Kb max_used=2150Kb free=117849Kb
 bounds [0x0000028555a10000, 0x0000028555c80000, 0x000002855cf40000]
CodeHeap 'profiled nmethods': size=120000Kb used=8080Kb max_used=8200Kb free=111919Kb
 bounds [0x000002854df40000, 0x000002854e750000, 0x0000028555470000]
CodeHeap 'non-nmethods': size=5760Kb used=1555Kb max_used=1625Kb free=4204Kb
 bounds [0x0000028555470000, 0x00000285556e0000, 0x0000028555a10000]
 total_blobs=4560 nmethods=3941 adapters=522
 compilation: enabled
              stopped_count=0, restarted_count=0
 full_count=0

Compilation events (20 events):
Event: 9.475 Thread 0x00000285607069e0 4266       1       java.security.DrbgParameters$NextBytes::getPredictionResistance (5 bytes)
Event: 9.475 Thread 0x00000285607069e0 nmethod 4266 0x0000028555c29690 code [0x0000028555c29820, 0x0000028555c298f0]
Event: 9.487 Thread 0x00000285607069e0 4267       3       java.nio.MappedByteBuffer::position (8 bytes)
Event: 9.487 Thread 0x00000285607069e0 nmethod 4267 0x000002854df85e10 code [0x000002854df85fc0, 0x000002854df86170]
Event: 9.487 Thread 0x00000285607069e0 4268       3       java.util.logging.Logger::isLoggable (27 bytes)
Event: 9.488 Thread 0x00000285607069e0 nmethod 4268 0x000002854df85990 code [0x000002854df85b40, 0x000002854df85d18]
Event: 9.488 Thread 0x00000285607069e0 4269       3       org.postgresql.core.VisibleBufferedInputStream::ensureBytes (44 bytes)
Event: 9.488 Thread 0x00000285607069e0 nmethod 4269 0x000002854df85410 code [0x000002854df855e0, 0x000002854df85870]
Event: 9.488 Thread 0x00000285607069e0 4270       3       java.util.stream.IntPipeline::forEachWithCancel (37 bytes)
Event: 9.488 Thread 0x00000285607069e0 nmethod 4270 0x000002854df84690 code [0x000002854df848c0, 0x000002854df85168]
Event: 9.488 Thread 0x00000285607069e0 4271       3       java.util.stream.IntPipeline::adapt (35 bytes)
Event: 9.488 Thread 0x00000285607069e0 nmethod 4271 0x000002854df97210 code [0x000002854df97400, 0x000002854df97958]
Event: 9.536 Thread 0x00000285607069e0 4272       3       java.util.stream.ReduceOps$ReduceOp::evaluateSequential (18 bytes)
Event: 9.536 Thread 0x00000285607069e0 nmethod 4272 0x000002854df96a90 code [0x000002854df96c80, 0x000002854df97100]
Event: 9.724 Thread 0x00000285607069e0 4273       3       org.postgresql.core.AsciiStringInterner::hashKey (46 bytes)
Event: 9.724 Thread 0x00000285607069e0 nmethod 4273 0x000002854df96590 code [0x000002854df96740, 0x000002854df96978]
Event: 9.724 Thread 0x00000285607069e0 4274       3       java.util.stream.IntPipeline$10$1::accept (27 bytes)
Event: 9.725 Thread 0x00000285607069e0 nmethod 4274 0x000002854df95f90 code [0x000002854df96160, 0x000002854df96458]
Event: 9.725 Thread 0x00000285607069e0 4275       3       org.postgresql.util.internal.IntSet::add (68 bytes)
Event: 9.725 Thread 0x00000285607069e0 nmethod 4275 0x000002854df94f10 code [0x000002854df95180, 0x000002854df95bf8]

GC Heap History (18 events):
Event: 0.782 GC heap before
{Heap before GC invocations=0 (full 0):
 garbage-first heap   total 63488K, used 13312K [0x00000000c2800000, 0x0000000100000000)
  region size 1024K, 13 young (13312K), 0 survivors (0K)
 Metaspace       used 3037K, committed 3200K, reserved 1114112K
  class space    used 317K, committed 384K, reserved 1048576K
}
Event: 0.795 GC heap after
{Heap after GC invocations=1 (full 0):
 garbage-first heap   total 63488K, used 6144K [0x00000000c2800000, 0x0000000100000000)
  region size 1024K, 2 young (2048K), 2 survivors (2048K)
 Metaspace       used 3037K, committed 3200K, reserved 1114112K
  class space    used 317K, committed 384K, reserved 1048576K
}
Event: 1.568 GC heap before
{Heap before GC invocations=1 (full 0):
 garbage-first heap   total 63488K, used 19456K [0x00000000c2800000, 0x0000000100000000)
  region size 1024K, 15 young (15360K), 2 survivors (2048K)
 Metaspace       used 6896K, committed 7104K, reserved 1114112K
  class space    used 845K, committed 960K, reserved 1048576K
}
Event: 1.573 GC heap after
{Heap after GC invocations=2 (full 0):
 garbage-first heap   total 63488K, used 7556K [0x00000000c2800000, 0x0000000100000000)
  region size 1024K, 2 young (2048K), 2 survivors (2048K)
 Metaspace       used 6896K, committed 7104K, reserved 1114112K
  class space    used 845K, committed 960K, reserved 1048576K
}
Event: 3.150 GC heap before
{Heap before GC invocations=2 (full 0):
 garbage-first heap   total 63488K, used 35204K [0x00000000c2800000, 0x0000000100000000)
  region size 1024K, 29 young (29696K), 2 survivors (2048K)
 Metaspace       used 14161K, committed 14464K, reserved 1114112K
  class space    used 1847K, committed 1984K, reserved 1048576K
}
Event: 3.155 GC heap after
{Heap after GC invocations=3 (full 0):
 garbage-first heap   total 63488K, used 9649K [0x00000000c2800000, 0x0000000100000000)
  region size 1024K, 4 young (4096K), 4 survivors (4096K)
 Metaspace       used 14161K, committed 14464K, reserved 1114112K
  class space    used 1847K, committed 1984K, reserved 1048576K
}
Event: 3.612 GC heap before
{Heap before GC invocations=3 (full 0):
 garbage-first heap   total 63488K, used 39345K [0x00000000c2800000, 0x0000000100000000)
  region size 1024K, 35 young (35840K), 4 survivors (4096K)
 Metaspace       used 21218K, committed 21504K, reserved 1114112K
  class space    used 2697K, committed 2816K, reserved 1048576K
}
Event: 3.622 GC heap after
{Heap after GC invocations=4 (full 0):
 garbage-first heap   total 63488K, used 12556K [0x00000000c2800000, 0x0000000100000000)
  region size 1024K, 5 young (5120K), 5 survivors (5120K)
 Metaspace       used 21218K, committed 21504K, reserved 1114112K
  class space    used 2697K, committed 2816K, reserved 1048576K
}
Event: 4.499 GC heap before
{Heap before GC invocations=5 (full 0):
 garbage-first heap   total 48128K, used 35084K [0x00000000c2800000, 0x0000000100000000)
  region size 1024K, 28 young (28672K), 5 survivors (5120K)
 Metaspace       used 24203K, committed 24512K, reserved 1114112K
  class space    used 3069K, committed 3200K, reserved 1048576K
}
Event: 4.510 GC heap after
{Heap after GC invocations=6 (full 0):
 garbage-first heap   total 48128K, used 15162K [0x00000000c2800000, 0x0000000100000000)
  region size 1024K, 3 young (3072K), 3 survivors (3072K)
 Metaspace       used 24203K, committed 24512K, reserved 1114112K
  class space    used 3069K, committed 3200K, reserved 1048576K
}
Event: 5.449 GC heap before
{Heap before GC invocations=6 (full 0):
 garbage-first heap   total 48128K, used 36666K [0x00000000c2800000, 0x0000000100000000)
  region size 1024K, 24 young (24576K), 3 survivors (3072K)
 Metaspace       used 27746K, committed 28160K, reserved 1114112K
  class space    used 3603K, committed 3776K, reserved 1048576K
}
Event: 5.459 GC heap after
{Heap after GC invocations=7 (full 0):
 garbage-first heap   total 48128K, used 17342K [0x00000000c2800000, 0x0000000100000000)
  region size 1024K, 3 young (3072K), 3 survivors (3072K)
 Metaspace       used 27746K, committed 28160K, reserved 1114112K
  class space    used 3603K, committed 3776K, reserved 1048576K
}
Event: 6.737 GC heap before
{Heap before GC invocations=7 (full 0):
 garbage-first heap   total 48128K, used 37822K [0x00000000c2800000, 0x0000000100000000)
  region size 1024K, 23 young (23552K), 3 survivors (3072K)
 Metaspace       used 33363K, committed 33856K, reserved 1114112K
  class space    used 4435K, committed 4672K, reserved 1048576K
}
Event: 6.745 GC heap after
{Heap after GC invocations=8 (full 0):
 garbage-first heap   total 48128K, used 18919K [0x00000000c2800000, 0x0000000100000000)
  region size 1024K, 2 young (2048K), 2 survivors (2048K)
 Metaspace       used 33363K, committed 33856K, reserved 1114112K
  class space    used 4435K, committed 4672K, reserved 1048576K
}
Event: 7.213 GC heap before
{Heap before GC invocations=8 (full 0):
 garbage-first heap   total 48128K, used 27111K [0x00000000c2800000, 0x0000000100000000)
  region size 1024K, 11 young (11264K), 2 survivors (2048K)
 Metaspace       used 35495K, committed 35968K, reserved 1114112K
  class space    used 4810K, committed 5056K, reserved 1048576K
}
Event: 7.218 GC heap after
{Heap after GC invocations=9 (full 0):
 garbage-first heap   total 48128K, used 19121K [0x00000000c2800000, 0x0000000100000000)
  region size 1024K, 2 young (2048K), 2 survivors (2048K)
 Metaspace       used 35495K, committed 35968K, reserved 1114112K
  class space    used 4810K, committed 5056K, reserved 1048576K
}
Event: 8.735 GC heap before
{Heap before GC invocations=10 (full 0):
 garbage-first heap   total 48128K, used 39601K [0x00000000c2800000, 0x0000000100000000)
  region size 1024K, 23 young (23552K), 2 survivors (2048K)
 Metaspace       used 42182K, committed 42752K, reserved 1114112K
  class space    used 5669K, committed 5888K, reserved 1048576K
}
Event: 8.742 GC heap after
{Heap after GC invocations=11 (full 0):
 garbage-first heap   total 48128K, used 20535K [0x00000000c2800000, 0x0000000100000000)
  region size 1024K, 3 young (3072K), 3 survivors (3072K)
 Metaspace       used 42182K, committed 42752K, reserved 1114112K
  class space    used 5669K, committed 5888K, reserved 1048576K
}

Dll operation events (14 events):
Event: 0.013 Loaded shared library C:\Program Files\Java\jdk-21\bin\java.dll
Event: 0.044 Loaded shared library C:\Program Files\Java\jdk-21\bin\jsvml.dll
Event: 0.142 Loaded shared library C:\Program Files\Java\jdk-21\bin\zip.dll
Event: 0.147 Loaded shared library C:\Program Files\Java\jdk-21\bin\instrument.dll
Event: 0.150 Loaded shared library C:\Program Files\Java\jdk-21\bin\net.dll
Event: 0.152 Loaded shared library C:\Program Files\Java\jdk-21\bin\nio.dll
Event: 0.156 Loaded shared library C:\Program Files\Java\jdk-21\bin\zip.dll
Event: 0.171 Loaded shared library C:\Program Files\JetBrains\IntelliJ IDEA Community Edition 2024.2.1\bin\breakgen64.dll
Event: 0.180 Loaded shared library C:\Program Files\Java\jdk-21\bin\extnet.dll
Event: 0.385 Loaded shared library C:\Program Files\Java\jdk-21\bin\jimage.dll
Event: 3.764 Loaded shared library C:\Program Files\Java\jdk-21\bin\sunmscapi.dll
Event: 6.545 Loaded shared library C:\Program Files\Java\jdk-21\bin\verify.dll
Event: 7.463 Loaded shared library C:\Program Files\Java\jdk-21\bin\management.dll
Event: 7.479 Loaded shared library C:\Program Files\Java\jdk-21\bin\management_ext.dll

Deoptimization events (20 events):
Event: 8.056 Thread 0x0000028545ad2470 DEOPT PACKING pc=0x0000028555b09594 sp=0x000000d4883fac80
Event: 8.056 Thread 0x0000028545ad2470 DEOPT UNPACKING pc=0x00000285554c46a2 sp=0x000000d4883fab58 mode 2
Event: 8.266 Thread 0x0000028566370f90 Uncommon trap: trap_request=0xffffffde fr.pc=0x0000028555a201f4 relative=0x00000000000008d4
Event: 8.266 Thread 0x0000028566370f90 Uncommon trap: reason=class_check action=maybe_recompile pc=0x0000028555a201f4 method=sun.security.provider.DigestBase.engineUpdate([BII)V @ 115 c2
Event: 8.266 Thread 0x0000028566370f90 DEOPT PACKING pc=0x0000028555a201f4 sp=0x000000d489cfda90
Event: 8.266 Thread 0x0000028566370f90 DEOPT UNPACKING pc=0x00000285554c46a2 sp=0x000000d489cfda58 mode 2
Event: 8.266 Thread 0x0000028566370f90 Uncommon trap: trap_request=0xffffffde fr.pc=0x0000028555a201f4 relative=0x00000000000008d4
Event: 8.266 Thread 0x0000028566370f90 Uncommon trap: reason=class_check action=maybe_recompile pc=0x0000028555a201f4 method=sun.security.provider.DigestBase.engineUpdate([BII)V @ 115 c2
Event: 8.266 Thread 0x0000028566370f90 DEOPT PACKING pc=0x0000028555a201f4 sp=0x000000d489cfdc10
Event: 8.266 Thread 0x0000028566370f90 DEOPT UNPACKING pc=0x00000285554c46a2 sp=0x000000d489cfdbd8 mode 2
Event: 8.269 Thread 0x0000028566370f90 DEOPT PACKING pc=0x000002854dfc01e3 sp=0x000000d489cfe200
Event: 8.269 Thread 0x0000028566370f90 DEOPT UNPACKING pc=0x00000285554c4e42 sp=0x000000d489cfd6d0 mode 0
Event: 8.655 Thread 0x0000028566370f90 DEOPT PACKING pc=0x000002854dfc01e3 sp=0x000000d489cfe200
Event: 8.655 Thread 0x0000028566370f90 DEOPT UNPACKING pc=0x00000285554c4e42 sp=0x000000d489cfd6d0 mode 0
Event: 9.170 Thread 0x0000028566370f90 DEOPT PACKING pc=0x000002854dfc01e3 sp=0x000000d489cfe200
Event: 9.170 Thread 0x0000028566370f90 DEOPT UNPACKING pc=0x00000285554c4e42 sp=0x000000d489cfd6d0 mode 0
Event: 9.476 Thread 0x0000028566370f90 DEOPT PACKING pc=0x000002854dfc01e3 sp=0x000000d489cfe200
Event: 9.476 Thread 0x0000028566370f90 DEOPT UNPACKING pc=0x00000285554c4e42 sp=0x000000d489cfd6d0 mode 0
Event: 9.713 Thread 0x0000028566370f90 DEOPT PACKING pc=0x000002854dfc01e3 sp=0x000000d489cfe200
Event: 9.713 Thread 0x0000028566370f90 DEOPT UNPACKING pc=0x00000285554c4e42 sp=0x000000d489cfd6d0 mode 0

Classes loaded (20 events):
Event: 8.612 Loading class sun/security/provider/MD5
Event: 8.614 Loading class sun/security/provider/MD5 done
Event: 8.614 Loading class sun/security/provider/ByteArrayAccess$LE
Event: 8.614 Loading class sun/security/provider/ByteArrayAccess$LE done
Event: 8.614 Loading class java/math/MutableBigInteger
Event: 8.615 Loading class java/math/MutableBigInteger done
Event: 8.765 Loading class javax/naming/RefAddr
Event: 8.768 Loading class javax/naming/RefAddr done
Event: 8.768 Loading class javax/naming/StringRefAddr
Event: 8.768 Loading class javax/naming/StringRefAddr done
Event: 8.871 Loading class java/util/concurrent/CompletionStage
Event: 8.872 Loading class java/util/concurrent/CompletionStage done
Event: 8.875 Loading class java/util/concurrent/CompletableFuture
Event: 8.880 Loading class java/util/concurrent/CompletableFuture done
Event: 8.880 Loading class java/util/concurrent/CompletableFuture$AltResult
Event: 8.880 Loading class java/util/concurrent/CompletableFuture$AltResult done
Event: 8.880 Loading class java/util/concurrent/CompletableFuture$Completion
Event: 8.881 Loading class java/util/concurrent/CompletableFuture$AsynchronousCompletionTask
Event: 8.881 Loading class java/util/concurrent/CompletableFuture$AsynchronousCompletionTask done
Event: 8.881 Loading class java/util/concurrent/CompletableFuture$Completion done

Classes unloaded (0 events):
No events

Classes redefined (0 events):
No events

Internal exceptions (20 events):
Event: 5.336 Thread 0x0000028545ad2470 Exception <a 'java/lang/NoSuchMethodError'{0x00000000c45a7100}: 'java.lang.reflect.Field[] java.lang.Class.getDeclaredFields(java.lang.Class)'> (0x00000000c45a7100) 
thrown [s\open\src\hotspot\share\interpreter\linkResolver.cpp, line 773]
Event: 5.524 Thread 0x0000028545ad2470 Exception <a 'java/lang/NoSuchMethodError'{0x00000000c65ce640}: 'java.lang.Object java.lang.invoke.DirectMethodHandle$Holder.newInvokeSpecial(java.lang.Object, java.lang.Object, java.lang.Object, java.lang.Object, java.lang.Object, java.lang.Object, java.lang.Object, java.lang.Object, java.lang.Object, java.lang.Object, java.lang.Object)'> (0x00000000c65ce640) 
thrown [s\open\src\hotspot\share\interpreter\linkResolver.cpp, line 773]
Event: 5.571 Thread 0x0000028545ad2470 Exception <a 'java/lang/NoSuchMethodError'{0x00000000c55e8be0}: 'java.lang.Object java.lang.invoke.DirectMethodHandle$Holder.invokeVirtual(java.lang.Object, java.lang.Object, java.lang.Object, java.lang.Object, java.lang.Object)'> (0x00000000c55e8be0) 
thrown [s\open\src\hotspot\share\interpreter\linkResolver.cpp, line 773]
Event: 5.676 Thread 0x0000028545ad2470 Exception <a 'java/lang/NoSuchMethodError'{0x00000000c520eda0}: 'void java.lang.invoke.DelegatingMethodHandle$Holder.reinvoke_L(java.lang.Object, java.lang.Object, java.lang.Object, java.lang.Object, int, java.lang.Object, java.lang.Object, java.lang.Object)'> (0x00000000c520eda0) 
thrown [s\open\src\hotspot\share\interpreter\linkResolver.cpp, line 773]
Event: 6.230 Thread 0x0000028545ad2470 Exception <a 'java/lang/NoSuchMethodError'{0x00000000c4cd4a68}: 'java.lang.Object java.lang.invoke.DirectMethodHandle$Holder.invokeStaticInit(java.lang.Object, int, int, int, int)'> (0x00000000c4cd4a68) 
thrown [s\open\src\hotspot\share\interpreter\linkResolver.cpp, line 773]
Event: 6.303 Thread 0x0000028545ad2470 Exception <a 'java/lang/NoSuchMethodError'{0x00000000c4b1c268}: 'java.lang.Object java.lang.invoke.DirectMethodHandle$Holder.invokeStaticInit(java.lang.Object, java.lang.Object, int, int, int, int)'> (0x00000000c4b1c268) 
thrown [s\open\src\hotspot\share\interpreter\linkResolver.cpp, line 773]
Event: 7.108 Thread 0x0000028545ad2470 Exception <a 'java/lang/NoSuchMethodError'{0x00000000c4fe5120}: 'int java.lang.invoke.DirectMethodHandle$Holder.invokeStatic(java.lang.Object)'> (0x00000000c4fe5120) 
thrown [s\open\src\hotspot\share\interpreter\linkResolver.cpp, line 773]
Event: 7.232 Thread 0x0000028545ad2470 Exception <a 'java/lang/NoSuchMethodError'{0x00000000c651da18}: method resolution failed> (0x00000000c651da18) 
thrown [s\open\src\hotspot\share\prims\methodHandles.cpp, line 1144]
Event: 7.278 Thread 0x0000028545ad2470 Exception <a 'java/lang/NoSuchMethodError'{0x00000000c65702c0}: 'int java.lang.invoke.DirectMethodHandle$Holder.invokeStaticInit(java.lang.Object, java.lang.Object, java.lang.Object, java.lang.Object)'> (0x00000000c65702c0) 
thrown [s\open\src\hotspot\share\interpreter\linkResolver.cpp, line 773]
Event: 7.628 Thread 0x0000028545ad2470 Exception <a 'sun/nio/fs/WindowsException'{0x00000000c55f2c58}> (0x00000000c55f2c58) 
thrown [s\open\src\hotspot\share\prims\jni.cpp, line 520]
Event: 7.684 Thread 0x0000028545ad2470 Exception <a 'java/lang/NoSuchMethodError'{0x00000000c5460f00}: 'int java.lang.invoke.DirectMethodHandle$Holder.invokeInterface(java.lang.Object, java.lang.Object, int)'> (0x00000000c5460f00) 
thrown [s\open\src\hotspot\share\interpreter\linkResolver.cpp, line 773]
Event: 7.684 Thread 0x0000028545ad2470 Exception <a 'java/lang/IncompatibleClassChangeError'{0x00000000c54b6428}: Found class java.lang.Object, but interface was expected> (0x00000000c54b6428) 
thrown [s\open\src\hotspot\share\interpreter\linkResolver.cpp, line 840]
Event: 8.087 Thread 0x0000028545ad2470 Exception <a 'java/lang/NoSuchMethodError'{0x00000000c4b9c670}: 'java.lang.Object java.lang.invoke.DirectMethodHandle$Holder.invokeStaticInit(java.lang.Object, java.lang.Object, java.lang.Object, java.lang.Object)'> (0x00000000c4b9c670) 
thrown [s\open\src\hotspot\share\interpreter\linkResolver.cpp, line 773]
Event: 8.100 Thread 0x0000028545ad2470 Exception <a 'java/lang/NoSuchMethodError'{0x00000000c4a26400}: 'int java.lang.invoke.Invokers$Holder.invokeExact_MT(java.lang.Object, java.lang.Object)'> (0x00000000c4a26400) 
thrown [s\open\src\hotspot\share\interpreter\linkResolver.cpp, line 773]
Event: 8.397 Thread 0x0000028545ad2470 Exception <a 'java/lang/NoSuchMethodError'{0x00000000c4564a98}: 'java.lang.Object java.lang.invoke.DirectMethodHandle$Holder.newInvokeSpecial(java.lang.Object, java.lang.Object, java.lang.Object, int)'> (0x00000000c4564a98) 
thrown [s\open\src\hotspot\share\interpreter\linkResolver.cpp, line 773]
Event: 8.398 Thread 0x0000028545ad2470 Exception <a 'java/lang/NoSuchMethodError'{0x00000000c4569098}: 'java.lang.Object java.lang.invoke.DirectMethodHandle$Holder.invokeSpecial(java.lang.Object, java.lang.Object, java.lang.Object, java.lang.Object, int)'> (0x00000000c4569098) 
thrown [s\open\src\hotspot\share\interpreter\linkResolver.cpp, line 773]
Event: 8.398 Thread 0x0000028545ad2470 Exception <a 'java/lang/NoSuchMethodError'{0x00000000c456cd30}: 'java.lang.Object java.lang.invoke.Invokers$Holder.linkToTargetMethod(java.lang.Object, java.lang.Object, int, java.lang.Object)'> (0x00000000c456cd30) 
thrown [s\open\src\hotspot\share\interpreter\linkResolver.cpp, line 773]
Event: 9.095 Thread 0x0000028545ad2470 Exception <a 'java/lang/IncompatibleClassChangeError'{0x00000000c51ad028}: Found class java.lang.Object, but interface was expected> (0x00000000c51ad028) 
thrown [s\open\src\hotspot\share\interpreter\linkResolver.cpp, line 840]
Event: 9.166 Thread 0x0000028545ad2470 Exception <a 'java/lang/NoSuchMethodError'{0x00000000c5079270}: 'java.lang.Object java.lang.invoke.DirectMethodHandle$Holder.invokeStatic(java.lang.Object, java.lang.Object, int, java.lang.Object)'> (0x00000000c5079270) 
thrown [s\open\src\hotspot\share\interpreter\linkResolver.cpp, line 773]
Event: 9.167 Thread 0x0000028545ad2470 Exception <a 'java/lang/NoSuchMethodError'{0x00000000c507cfc8}: 'java.lang.Object java.lang.invoke.DirectMethodHandle$Holder.invokeStaticInit(java.lang.Object, java.lang.Object, int, java.lang.Object)'> (0x00000000c507cfc8) 
thrown [s\open\src\hotspot\share\interpreter\linkResolver.cpp, line 773]

ZGC Phase Switch (0 events):
No events

VM Operations (20 events):
Event: 6.737 Executing VM operation: G1CollectForAllocation (G1 Evacuation Pause)
Event: 6.746 Executing VM operation: G1CollectForAllocation (G1 Evacuation Pause) done
Event: 7.177 Executing VM operation: HandshakeAllThreads (Deoptimize)
Event: 7.177 Executing VM operation: HandshakeAllThreads (Deoptimize) done
Event: 7.213 Executing VM operation: CollectForMetadataAllocation (Metadata GC Threshold)
Event: 7.218 Executing VM operation: CollectForMetadataAllocation (Metadata GC Threshold) done
Event: 7.252 Executing VM operation: G1PauseRemark
Event: 7.259 Executing VM operation: G1PauseRemark done
Event: 7.273 Executing VM operation: G1PauseCleanup
Event: 7.273 Executing VM operation: G1PauseCleanup done
Event: 7.630 Executing VM operation: HandshakeAllThreads (Deoptimize)
Event: 7.630 Executing VM operation: HandshakeAllThreads (Deoptimize) done
Event: 7.642 Executing VM operation: HandshakeAllThreads (Deoptimize)
Event: 7.642 Executing VM operation: HandshakeAllThreads (Deoptimize) done
Event: 7.644 Executing VM operation: HandshakeAllThreads (Deoptimize)
Event: 7.644 Executing VM operation: HandshakeAllThreads (Deoptimize) done
Event: 8.649 Executing VM operation: Cleanup
Event: 8.649 Executing VM operation: Cleanup done
Event: 8.734 Executing VM operation: G1CollectForAllocation (G1 Evacuation Pause)
Event: 8.742 Executing VM operation: G1CollectForAllocation (G1 Evacuation Pause) done

Events (20 events):
Event: 7.258 Thread 0x00000285606d8730 flushing nmethod 0x0000028555a50410
Event: 7.258 Thread 0x00000285606d8730 flushing nmethod 0x0000028555a4e010
Event: 7.258 Thread 0x00000285606d8730 flushing nmethod 0x0000028555a4c310
Event: 7.258 Thread 0x00000285606d8730 flushing nmethod 0x0000028555a47310
Event: 7.258 Thread 0x00000285606d8730 flushing nmethod 0x0000028555a45c10
Event: 7.258 Thread 0x00000285606d8730 flushing nmethod 0x0000028555a45590
Event: 7.258 Thread 0x00000285606d8730 flushing nmethod 0x0000028555a3e790
Event: 7.258 Thread 0x00000285606d8730 flushing nmethod 0x0000028555a31810
Event: 7.258 Thread 0x00000285606d8730 flushing nmethod 0x0000028555a30c90
Event: 7.258 Thread 0x00000285606d8730 flushing nmethod 0x0000028555a2d790
Event: 7.258 Thread 0x00000285606d8730 flushing nmethod 0x0000028555a2bb90
Event: 7.258 Thread 0x00000285606d8730 flushing nmethod 0x0000028555a27410
Event: 7.258 Thread 0x00000285606d8730 flushing nmethod 0x0000028555a25990
Event: 7.258 Thread 0x00000285606d8730 flushing nmethod 0x0000028555a1f710
Event: 7.258 Thread 0x00000285606d8730 flushing nmethod 0x0000028555a1d890
Event: 7.258 Thread 0x00000285606d8730 flushing nmethod 0x0000028555a11790
Event: 7.258 Thread 0x00000285606d8730 flushing nmethod 0x0000028555a11490
Event: 7.867 Thread 0x000002856636f550 Thread added: 0x000002856636f550
Event: 7.901 Thread 0x0000028566370900 Thread added: 0x0000028566370900
Event: 8.027 Thread 0x0000028566370f90 Thread added: 0x0000028566370f90


Dynamic libraries:
0x00007ff792370000 - 0x00007ff792380000 	C:\Program Files\Java\jdk-21\bin\java.exe
0x00007ffb38d70000 - 0x00007ffb38f87000 	C:\WINDOWS\SYSTEM32\ntdll.dll
0x00007ffb37130000 - 0x00007ffb371f4000 	C:\WINDOWS\System32\KERNEL32.DLL
0x00007ffb363f0000 - 0x00007ffb367a7000 	C:\WINDOWS\System32\KERNELBASE.dll
0x00007ffb367b0000 - 0x00007ffb368c1000 	C:\WINDOWS\System32\ucrtbase.dll
0x00007ffb23010000 - 0x00007ffb23029000 	C:\Program Files\Java\jdk-21\bin\jli.dll
0x00007ffb38ac0000 - 0x00007ffb38b72000 	C:\WINDOWS\System32\ADVAPI32.dll
0x00007ffb23170000 - 0x00007ffb2318b000 	C:\Program Files\Java\jdk-21\bin\VCRUNTIME140.dll
0x00007ffb38b80000 - 0x00007ffb38c27000 	C:\WINDOWS\System32\msvcrt.dll
0x00007ffb38590000 - 0x00007ffb38638000 	C:\WINDOWS\System32\sechost.dll
0x00007ffb36080000 - 0x00007ffb360a8000 	C:\WINDOWS\System32\bcrypt.dll
0x00007ffb36cd0000 - 0x00007ffb36de4000 	C:\WINDOWS\System32\RPCRT4.dll
0x00007ffb37b20000 - 0x00007ffb37ccf000 	C:\WINDOWS\System32\USER32.dll
0x00007ffb36950000 - 0x00007ffb36976000 	C:\WINDOWS\System32\win32u.dll
0x00007ffb384e0000 - 0x00007ffb38509000 	C:\WINDOWS\System32\GDI32.dll
0x00007ffb24060000 - 0x00007ffb242f3000 	C:\WINDOWS\WinSxS\amd64_microsoft.windows.common-controls_6595b64144ccf1df_6.0.22621.3672_none_2713b9d173822955\COMCTL32.dll
0x00007ffb36980000 - 0x00007ffb36a98000 	C:\WINDOWS\System32\gdi32full.dll
0x00007ffb36290000 - 0x00007ffb3632a000 	C:\WINDOWS\System32\msvcp_win.dll
0x00007ffb2e270000 - 0x00007ffb2e27a000 	C:\WINDOWS\SYSTEM32\VERSION.dll
0x00007ffb37a80000 - 0x00007ffb37ab1000 	C:\WINDOWS\System32\IMM32.DLL
0x00007ffb32c60000 - 0x00007ffb32c6c000 	C:\Program Files\Java\jdk-21\bin\vcruntime140_1.dll
0x00007ffb112b0000 - 0x00007ffb1133e000 	C:\Program Files\Java\jdk-21\bin\msvcp140.dll
0x00007ffab6d80000 - 0x00007ffab7a8d000 	C:\Program Files\Java\jdk-21\bin\server\jvm.dll
0x00007ffb38510000 - 0x00007ffb38581000 	C:\WINDOWS\System32\WS2_32.dll
0x00007ffb35f50000 - 0x00007ffb35f9d000 	C:\WINDOWS\SYSTEM32\POWRPROF.dll
0x00007ffb2e920000 - 0x00007ffb2e954000 	C:\WINDOWS\SYSTEM32\WINMM.dll
0x00007ffb35e80000 - 0x00007ffb35e93000 	C:\WINDOWS\SYSTEM32\UMPDC.dll
0x00007ffb350d0000 - 0x00007ffb350e8000 	C:\WINDOWS\SYSTEM32\kernel.appcore.dll
0x00007ffb2e560000 - 0x00007ffb2e56a000 	C:\Program Files\Java\jdk-21\bin\jimage.dll
0x00007ffb338b0000 - 0x00007ffb33ae2000 	C:\WINDOWS\SYSTEM32\DBGHELP.DLL
0x00007ffb37cd0000 - 0x00007ffb3805e000 	C:\WINDOWS\System32\combase.dll
0x00007ffb36ba0000 - 0x00007ffb36c77000 	C:\WINDOWS\System32\OLEAUT32.dll
0x00007ffb16fc0000 - 0x00007ffb16ff2000 	C:\WINDOWS\SYSTEM32\dbgcore.DLL
0x00007ffb368d0000 - 0x00007ffb3694b000 	C:\WINDOWS\System32\bcryptPrimitives.dll
0x00007ffb23410000 - 0x00007ffb2341f000 	C:\Program Files\Java\jdk-21\bin\instrument.dll
0x00007ffb22fc0000 - 0x00007ffb22fdf000 	C:\Program Files\Java\jdk-21\bin\java.dll
0x00007ffb37210000 - 0x00007ffb37a79000 	C:\WINDOWS\System32\SHELL32.dll
0x00007ffb33ff0000 - 0x00007ffb348ef000 	C:\WINDOWS\SYSTEM32\windows.storage.dll
0x00007ffb33eb0000 - 0x00007ffb33fef000 	C:\WINDOWS\SYSTEM32\wintypes.dll
0x00007ffb38c30000 - 0x00007ffb38d29000 	C:\WINDOWS\System32\SHCORE.dll
0x00007ffb38a60000 - 0x00007ffb38abe000 	C:\WINDOWS\System32\shlwapi.dll
0x00007ffb35fb0000 - 0x00007ffb35fd7000 	C:\WINDOWS\SYSTEM32\profapi.dll
0x00007ffb041b0000 - 0x00007ffb04287000 	C:\Program Files\Java\jdk-21\bin\jsvml.dll
0x00007ffb22f80000 - 0x00007ffb22f98000 	C:\Program Files\Java\jdk-21\bin\zip.dll
0x00007ffb23230000 - 0x00007ffb23240000 	C:\Program Files\Java\jdk-21\bin\net.dll
0x00007ffb2f380000 - 0x00007ffb2f4b6000 	C:\WINDOWS\SYSTEM32\WINHTTP.dll
0x00007ffb35540000 - 0x00007ffb355a9000 	C:\WINDOWS\system32\mswsock.dll
0x00007ffb22fa0000 - 0x00007ffb22fb6000 	C:\Program Files\Java\jdk-21\bin\nio.dll
0x00007ffb22e20000 - 0x00007ffb22e3a000 	C:\Program Files\JetBrains\IntelliJ IDEA Community Edition 2024.2.1\bin\breakgen64.dll
0x00007ffb23160000 - 0x00007ffb23169000 	C:\Program Files\Java\jdk-21\bin\extnet.dll
0x00007ffb22af0000 - 0x00007ffb22afe000 	C:\Program Files\Java\jdk-21\bin\sunmscapi.dll
0x00007ffb36120000 - 0x00007ffb36286000 	C:\WINDOWS\System32\CRYPT32.dll
0x00007ffb35950000 - 0x00007ffb3597d000 	C:\WINDOWS\SYSTEM32\ncrypt.dll
0x00007ffb35910000 - 0x00007ffb35947000 	C:\WINDOWS\SYSTEM32\NTASN1.dll
0x00007ffb35790000 - 0x00007ffb357ab000 	C:\WINDOWS\SYSTEM32\CRYPTSP.dll
0x00007ffb35030000 - 0x00007ffb35065000 	C:\WINDOWS\system32\rsaenh.dll
0x00007ffb35630000 - 0x00007ffb35658000 	C:\WINDOWS\SYSTEM32\USERENV.dll
0x00007ffb357b0000 - 0x00007ffb357bc000 	C:\WINDOWS\SYSTEM32\CRYPTBASE.dll
0x00007ffb34b90000 - 0x00007ffb34bbd000 	C:\WINDOWS\SYSTEM32\IPHLPAPI.DLL
0x00007ffb38800000 - 0x00007ffb38809000 	C:\WINDOWS\System32\NSI.dll
0x00007ffb20c60000 - 0x00007ffb20c70000 	C:\Program Files\Java\jdk-21\bin\verify.dll
0x00007ffb34c10000 - 0x00007ffb34d12000 	C:\WINDOWS\SYSTEM32\DNSAPI.dll
0x00007ffb2e110000 - 0x00007ffb2e11a000 	C:\Windows\System32\rasadhlp.dll
0x00007ffb2c310000 - 0x00007ffb2c393000 	C:\WINDOWS\System32\fwpuclnt.dll
0x00007ffb22f20000 - 0x00007ffb22f2a000 	C:\Program Files\Java\jdk-21\bin\management.dll
0x00007ffb22df0000 - 0x00007ffb22dfb000 	C:\Program Files\Java\jdk-21\bin\management_ext.dll
0x00007ffb36df0000 - 0x00007ffb36df8000 	C:\WINDOWS\System32\PSAPI.DLL

dbghelp: loaded successfully - version: 4.0.5 - missing functions: none
symbol engine: initialized successfully - sym options: 0x614 - pdb path: .;C:\Program Files\Java\jdk-21\bin;C:\WINDOWS\SYSTEM32;C:\WINDOWS\WinSxS\amd64_microsoft.windows.common-controls_6595b64144ccf1df_6.0.22621.3672_none_2713b9d173822955;C:\Program Files\Java\jdk-21\bin\server;C:\Program Files\JetBrains\IntelliJ IDEA Community Edition 2024.2.1\bin

VM Arguments:
jvm_args: -ea -Didea.test.cyclic.buffer.size=1048576 -javaagent:C:\Program Files\JetBrains\IntelliJ IDEA Community Edition 2024.2.1\lib\idea_rt.jar=63917:C:\Program Files\JetBrains\IntelliJ IDEA Community Edition 2024.2.1\bin -Dfile.encoding=UTF-8 -Dsun.stdout.encoding=UTF-8 -Dsun.stderr.encoding=UTF-8 
java_command: com.intellij.rt.junit.JUnitStarter -ideVersion5 -junit5 com.stream.app.spring_stream_backend.SpringStreamBackendApplicationTests
java_class_path (initial): C:\Users\om\.m2\repository\org\junit\platform\junit-platform-launcher\1.10.3\junit-platform-launcher-1.10.3.jar;C:\Program Files\JetBrains\IntelliJ IDEA Community Edition 2024.2.1\lib\idea_rt.jar;C:\Program Files\JetBrains\IntelliJ IDEA Community Edition 2024.2.1\plugins\junit\lib\junit5-rt.jar;C:\Program Files\JetBrains\IntelliJ IDEA Community Edition 2024.2.1\plugins\junit\lib\junit-rt.jar;C:\Users\om\spring-stream-backend\target\test-classes;C:\Users\om\spring-stream-backend\target\classes;C:\Users\om\.m2\repository\org\springframework\boot\spring-boot-starter-data-jpa\3.3.4\spring-boot-starter-data-jpa-3.3.4.jar;C:\Users\om\.m2\repository\org\springframework\boot\spring-boot-starter-aop\3.3.4\spring-boot-starter-aop-3.3.4.jar;C:\Users\om\.m2\repository\org\springframework\spring-aop\6.1.13\spring-aop-6.1.13.jar;C:\Users\om\.m2\repository\org\aspectj\aspectjweaver\1.9.22.1\aspectjweaver-1.9.22.1.jar;C:\Users\om\.m2\repository\org\springframework\boot\spring-boot-starter-jdbc\3.3.4\spring-boot-starter-jdbc-3.3.4.jar;C:\Users\om\.m2\repository\com\zaxxer\HikariCP\5.1.0\HikariCP-5.1.0.jar;C:\Users\om\.m2\repository\org\springframework\spring-jdbc\6.1.13\spring-jdbc-6.1.13.jar;C:\Users\om\.m2\repository\org\hibernate\orm\hibernate-core\6.5.3.Final\hibernate-core-6.5.3.Final.jar;C:\Users\om\.m2\repository\jakarta\persistence\jakarta.persistence-api\3.1.0\jakarta.persistence-api-3.1.0.jar;C:\Users\om\.m2\repository\jakarta\transaction\jakarta.transaction-api\2.0.1\jakarta.transaction-api-2.0.1.jar;C:\Users\om\.m2\repository\org\jboss\logging\jboss-logging\3.5.3.Final\jboss-logging-3.5.3.Final.jar;C:\Users\om\.m2\repository\org\hibernate\common\hibernate-commons-annotations\6.0.6.Final\hibernate-commons-annotations-6.0.6.Final.jar;C:\Users\om\.m2\repository\io\smallrye\jandex\3.1.2\jandex-3.1.2.jar;C:\Users\om\.m2\repository\com\fasterxml\classmate\1.7.0\classmate-1.7.0.jar;C:\Users\om\.m2\repository\net\bytebuddy\byte-buddy\1.14.19\byte-buddy-1.14.19.jar;C:\Users\om\.m2\repository\org\glassfish\jaxb\jaxb-runtime\4.0.5\jaxb-runtime-4.0.5.jar;C:\Users\om\.m2\repository\org\glassfish\jaxb\jaxb-core\4.0.5\jaxb-core-4.0.5.jar;C:\Users\om\.m2\repository\org\eclipse\angus\angus-activation\2.0.2\angus-activation-2.0.2.jar;C:\Users\om\.m2\repository\org\glassfish\jaxb\txw2\4.0.5\txw2-4.0.5.jar;C:\Users\om\.m2\repository\com\sun\istack\istack-commons-runtime\4.1.2\istack-commons-runtime-4.1.2.jar;C:\Users\om\.m2\repository\jakarta\inject\jakarta.inject-api\2.0.1\jakarta.inject-api-2.0.1.jar;C:\Users\om\.m2\repository\org\antlr\antlr4-runtime\4.13.0\antlr4-runtime-4.13.0.jar;C:\Users\om\.m2\repository\org\springframework\data\spring-data-jpa\3.3.4\spring-data-jpa-3.3.4.jar;C:\Users\om\.m2\repository\org\springframework\data\spring-data-commons\3.3.4\spring-data-commons-3.3.4.jar;C:\Users\om\.m2\repository\org\springframework\spring-orm\6.1.13\spring-orm-6.1.13.jar;C:\Users\om\.m2\repository\org\springframework\spring-context\6.1.13\spring-context-6.1.13.jar;C:\Users\om\.m2\repository\org\springframework\spring-tx\6.1.13\spring-tx-6.1.13.jar;C:\Users\om\.m2\repository\org\springframework\spring-beans\6.1.13\spring-beans-6.1.13.jar;C:\Users\om\.m2\repository\jakarta\annotation\jakarta.annotation-api\2.1.1\jakarta.annotation-api-2.1.1.jar;C:\Users\om\.m2\repository\org\slf4j\slf4j-api\2.0.16\slf4j-api-2.0.16.jar;C:\Users\om\.m2\repository\org\springframework\spring-aspects\6.1.13\spring-aspects-6.1.13.jar;C:\Users\om\.m2\repository\org\springframework\boot\spring-boot-starter-web\3.3.4\spring-boot-starter-web-3.3.4.jar;C:\Users\om\.m2\repository\org\springframework\boot\spring-boot-starter\3.3.4\spring-boot-starter-3.3.4.jar;C:\Users\om\.m2\repository\org\springframework\boot\spring-boot\3.3.4\spring-boot-3.3.4.jar;C:\Users\om\.m2\repository\org\springframework\boot\spring-boot-autoconfigure\3.3.4\spring-boot-autoconfigure-3.3.4.jar;C:\Users\om\.m2\repository\org\springframework\boot\spring-boot-starter-logging\3.3.4\spring-boot-starter-logging-3.3.4.jar;C:\Users\om\.m2\repository\ch\qos\logback\logback-classic\1.5.8\logback-classic-1.5.8.jar;C:\Users\om\.m2\repository\ch\qos\logback\logback-core\1.5.8\logback-core-1.5.8.jar;C:\Users\om\.m2\repository\org\apache\logging\log4j\log4j-to-slf4j\2.23.1\log4j-to-slf4j-2.23.1.jar;C:\Users\om\.m2\repository\org\apache\logging\log4j\log4j-api\2.23.1\log4j-api-2.23.1.jar;C:\Users\om\.m2\repository\org\slf4j\jul-to-slf4j\2.0.16\jul-to-slf4j-2.0.16.jar;C:\Users\om\.m2\repository\org\yaml\snakeyaml\2.2\snakeyaml-2.2.jar;C:\Users\om\.m2\repository\org\springframework\boot\spring-boot-starter-json\3.3.4\spring-boot-starter-json-3.3.4.jar;C:\Users\om\.m2\repository\com\fasterxml\jackson\core\jackson-databind\2.17.2\jackson-databind-2.17.2.jar;C:\Users\om\.m2\repository\com\fasterxml\jackson\core\jackson-annotations\2.17.2\jackson-annotations-2.17.2.jar;C:\Users\om\.m2\repository\com\fasterxml\jackson\core\jackson-core\2.17.2\jackson-core-2.17.2.jar;C:\Users\om\.m2\repository\com\fasterxml\jackson\datatype\jackson-datatype-jdk8\2.17.2\jackson-datatype-jdk8-2.17.2.jar;C:\Users\om\.m2\repository\com\fasterxml\jackson\datatype\jackson-datatype-jsr310\2.17.2\jackson-datatype-jsr310-2.17.2.jar;C:\Users\om\.m2\repository\com\fasterxml\jackson\module\jackson-module-parameter-names\2.17.2\jackson-module-parameter-names-2.17.2.jar;C:\Users\om\.m2\repository\org\springframework\boot\spring-boot-starter-tomcat\3.3.4\spring-boot-starter-tomcat-3.3.4.jar;C:\Users\om\.m2\repository\org\apache\tomcat\embed\tomcat-embed-core\10.1.30\tomcat-embed-core-10.1.30.jar;C:\Users\om\.m2\repository\org\apache\tomcat\embed\tomcat-embed-el\10.1.30\tomcat-embed-el-10.1.30.jar;C:\Users\om\.m2\repository\org\apache\tomcat\embed\tomcat-embed-websocket\10.1.30\tomcat-embed-websocket-10.1.30.jar;C:\Users\om\.m2\repository\org\springframework\spring-web\6.1.13\spring-web-6.1.13.jar;C:\Users\om\.m2\repository\io\micrometer\micrometer-observation\1.13.4\micrometer-observation-1.13.4.jar;C:\Users\om\.m2\repository\io\micrometer\micrometer-commons\1.13.4\micrometer-commons-1.13.4.jar;C:\Users\om\.m2\repository\org\springframework\spring-webmvc\6.1.13\spring-webmvc-6.1.13.jar;C:\Users\om\.m2\repository\org\springframework\spring-expression\6.1.13\spring-expression-6.1.13.jar;C:\Users\om\.m2\repository\org\postgresql\postgresql\42.7.4\postgresql-42.7.4.jar;C:\Users\om\.m2\repository\org\checkerframework\checker-qual\3.42.0\checker-qual-3.42.0.jar;C:\Users\om\.m2\repository\org\projectlombok\lombok\1.18.34\lombok-1.18.34.jar;C:\Users\om\.m2\repository\org\springframework\boot\spring-boot-starter-test\3.3.4\spring-boot-starter-test-3.3.4.jar;C:\Users\om\.m2\repository\org\springframework\boot\spring-boot-test\3.3.4\spring-boot-test-3.3.4.jar;C:\Users\om\.m2\repository\org\springframework\boot\spring-boot-test-autoconfigure\3.3.4\spring-boot-test-autoconfigure-3.3.4.jar;C:\Users\om\.m2\repository\com\jayway\jsonpath\json-path\2.9.0\json-path-2.9.0.jar;C:\Users\om\.m2\repository\jakarta\xml\bind\jakarta.xml.bind-api\4.0.2\jakarta.xml.bind-api-4.0.2.jar;C:\Users\om\.m2\repository\jakarta\activation\jakarta.activation-api\2.1.3\jakarta.activation-api-2.1.3.jar;C:\Users\om\.m2\repository\net\minidev\json-smart\2.5.1\json-smart-2.5.1.jar;C:\Users\om\.m2\repository\net\minidev\accessors-smart\2.5.1\accessors-smart-2.5.1.jar;C:\Users\om\.m2\repository\org\ow2\asm\asm\9.6\asm-9.6.jar;C:\Users\om\.m2\repository\org\assertj\assertj-core\3.25.3\assertj-core-3.25.3.jar;C:\Users\om\.m2\repository\org\awaitility\awaitility\4.2.2\awaitility-4.2.2.jar;C:\Users\om\.m2\repository\org\hamcrest\hamcrest\2.2\hamcrest-2.2.jar;C:\Users\om\.m2\repository\org\junit\jupiter\junit-jupiter\5.10.3\junit-jupiter-5.10.3.jar;C:\Users\om\.m2\repository\org\junit\jupiter\junit-jupiter-api\5.10.3\junit-jupiter-api-5.10.3.jar;C:\Users\om\.m2\repository\org\opentest4j\opentest4j\1.3.0\opentest4j-1.3.0.jar;C:\Users\om\.m2\repository\org\junit\platform\junit-platform-commons\1.10.3\junit-platform-commons-1.10.3.jar;C:\Users\om\.m2\repository\org\apiguardian\apiguardian-api\1.1.2\apiguardian-api-1.1.2.jar;C:\Users\om\.m2\repository\org\junit\jupiter\junit-jupiter-params\5.10.3\junit-jupiter-params-5.10.3.jar;C:\Users\om\.m2\repository\org\junit\jupiter\junit-jupiter-engine\5.10.3\junit-jupiter-engine-5.10.3.jar;C:\Users\om\.m2\repository\org\junit\platform\junit-platform-engine\1.10.3\junit-platform-engine-1.10.3.jar;C:\Users\om\.m2\repository\org\mockito\mockito-core\5.11.0\mockito-core-5.11.0.jar;C:\Users\om\.m2\repository\net\bytebuddy\byte-buddy-agent\1.14.19\byte-buddy-agent-1.14.19.jar;C:\Users\om\.m2\repository\org\objenesis\objenesis\3.3\objenesis-3.3.jar;C:\Users\om\.m2\repository\org\mockito\mockito-junit-jupiter\5.11.0\mockito-junit-jupiter-5.11.0.jar;C:\Users\om\.m2\repository\org\skyscreamer\jsonassert\1.5.3\jsonassert-1.5.3.jar;C:\Users\om\.m2\repository\com\vaadin\external\google\android-json\0.0.20131108.vaadin1\android-json-0.0.20131108.vaadin1.jar;C:\Users\om\.m2\repository\org\springframework\spring-core\6.1.13\spring-core-6.1.13.jar;C:\Users\om\.m2\repository\org\springframework\spring-jcl\6.1.13\spring-jcl-6.1.13.jar;C:\Users\om\.m2\repository\org\springframework\spring-test\6.1.13\spring-test-6.1.13.jar;C:\Users\om\.m2\repository\org\xmlunit\xmlunit-core\2.9.1\xmlunit-core-2.9.1.jar
Launcher Type: SUN_STANDARD

[Global flags]
     intx CICompilerCount                          = 3                                         {product} {ergonomic}
     uint ConcGCThreads                            = 1                                         {product} {ergonomic}
     uint G1ConcRefinementThreads                  = 4                                         {product} {ergonomic}
   size_t G1HeapRegionSize                         = 1048576                                   {product} {ergonomic}
    uintx GCDrainStackTargetSize                   = 64                                        {product} {ergonomic}
   size_t InitialHeapSize                          = 65011712                                  {product} {ergonomic}
   size_t MarkStackSize                            = 4194304                                   {product} {ergonomic}
   size_t MaxHeapSize                              = 1031798784                                {product} {ergonomic}
   size_t MaxNewSize                               = 618659840                                 {product} {ergonomic}
   size_t MinHeapDeltaBytes                        = 1048576                                   {product} {ergonomic}
   size_t MinHeapSize                              = 8388608                                   {product} {ergonomic}
    uintx NonNMethodCodeHeapSize                   = 5832780                                {pd product} {ergonomic}
    uintx NonProfiledCodeHeapSize                  = 122912730                              {pd product} {ergonomic}
    uintx ProfiledCodeHeapSize                     = 122912730                              {pd product} {ergonomic}
    uintx ReservedCodeCacheSize                    = 251658240                              {pd product} {ergonomic}
     bool SegmentedCodeCache                       = true                                      {product} {ergonomic}
   size_t SoftMaxHeapSize                          = 1031798784                             {manageable} {ergonomic}
     bool UseCompressedOops                        = true                           {product lp64_product} {ergonomic}
     bool UseG1GC                                  = true                                      {product} {ergonomic}
     bool UseLargePagesIndividualAllocation        = false                                  {pd product} {ergonomic}

Logging:
Log output configuration:
 #0: stdout all=warning uptime,level,tags foldmultilines=false
 #1: stderr all=off uptime,level,tags foldmultilines=false

Environment Variables:
PATH=C:\Program Files\Common Files\Oracle\Java\javapath;C:\WINDOWS\system32;C:\WINDOWS;C:\WINDOWS\System32\Wbem;C:\WINDOWS\System32\WindowsPowerShell\v1.0\;C:\WINDOWS\System32\OpenSSH\;C:\Program Files\Git\cmd;C:\Program Files\Java\jdk-21\bin;C:\Users\om\Downloads\apache-maven-3.9.6-bin\apache-maven-3.9.6\bin;C:\Program Files\nodejs\;C:\Program Files\Java\apache-maven-3.9.9-bin.zip\apache-maven-3.9.9\bin;C:\Users\om\Downloads\ffmpeg-2024-11-03-git-df00705e00-full_build\ffmpeg-2024-11-03-git-df00705e00-full_build\bin;C:\Users\om\AppData\Local\Microsoft\WindowsApps;C:\Users\om\AppData\Local\Programs\Microsoft VS Code\bin;C:\Program Files\JetBrains\IntelliJ IDEA Community Edition 2022.3.2\bin;;C:\Program Files\nodejs;C:\Users\om\Downloads\apache-maven-3.9.6-bin\apache-maven-3.9.6\bin;C:\Users\om\AppData\Roaming\npm;C:\Program Files\Java\apache-maven-3.9.9-bin.zip\apache-maven-3.9.9\bin;
USERNAME=om
OS=Windows_NT
PROCESSOR_IDENTIFIER=Intel64 Family 6 Model 142 Stepping 12, GenuineIntel
TMP=C:\Users\om\AppData\Local\Temp
TEMP=C:\Users\om\AppData\Local\Temp




Periodic native trim disabled

---------------  S Y S T E M  ---------------

OS:
 Windows 11 , 64 bit Build 22621 (10.0.22621.3958)
OS uptime: 31 days 3:26 hours

CPU: total 4 (initial active 4) (2 cores per cpu, 2 threads per core) family 6 model 142 stepping 12 microcode 0xde, cx8, cmov, fxsr, ht, mmx, 3dnowpref, sse, sse2, sse3, ssse3, sse4.1, sse4.2, popcnt, lzcnt, tsc, tscinvbit, avx, avx2, aes, erms, clmul, bmi1, bmi2, adx, fma, vzeroupper, clflush, clflushopt, rdtscp, f16c
Processor Information for all 4 processors :
  Max Mhz: 2501, Current Mhz: 2501, Mhz Limit: 2501

Memory: 4k page, system-wide physical 3933M (187M free)
TotalPageFile size 16221M (AvailPageFile size 5M)
current process WorkingSet (physical memory assigned to process): 205M, peak: 210M
current process commit charge ("private bytes"): 238M, peak: 241M

vm_info: Java HotSpot(TM) 64-Bit Server VM (21.0.3+7-LTS-152) for windows-amd64 JRE (21.0.3+7-LTS-152), built on 2024-03-11T17:42:26Z by "mach5one" with MS VC++ 17.6 (VS2022)

END.
